<?xml version="1.0" encoding="UTF-8"?>
<testng-results skipped="0" failed="0" total="1" passed="1">
  <reporter-output>
  </reporter-output>
  <suite name="Default suite" duration-ms="84230" started-at="2019-06-15T07:46:38Z" finished-at="2019-06-15T07:48:02Z">
    <groups>
    </groups>
    <test name="Default test" duration-ms="84230" started-at="2019-06-15T07:46:38Z" finished-at="2019-06-15T07:48:02Z">
      <class name="Test.Test2">
        <test-method status="PASS" signature="apiTest()[pri:0, instance:Test.Test2@7ce3cb8e]" name="apiTest" duration-ms="84204" started-at="2019-06-15T10:46:38Z" finished-at="2019-06-15T10:48:02Z">
          <reporter-output>
          </reporter-output>
        </test-method> <!-- apiTest -->
      </class> <!-- Test.Test2 -->
    </test> <!-- Default test -->
  </suite> <!-- Default suite -->
</testng-results>
